{"/home/nahal/Desktop/CryptoChain/config.js": {"path":"/home/nahal/Desktop/CryptoChain/config.js","statementMap":{"0":{"start":{"line":1,"column":27},"end":{"line":1,"column":28}},"1":{"start":{"line":2,"column":18},"end":{"line":2,"column":22}},"2":{"start":{"line":3,"column":25},"end":{"line":3,"column":29}},"3":{"start":{"line":5,"column":21},"end":{"line":5,"column":55}},"4":{"start":{"line":6,"column":22},"end":{"line":6,"column":24}},"5":{"start":{"line":8,"column":21},"end":{"line":15,"column":1}},"6":{"start":{"line":17,"column":0},"end":{"line":23,"column":2}}},"fnMap":{},"branchMap":{},"s":{"0":5,"1":5,"2":5,"3":5,"4":5,"5":5,"6":5},"f":{},"b":{},"_coverageSchema":"1a1c01bbd47fc00a2c39e90264f33305004495a9","hash":"07c532c9d3e6d4b71e7e6ef81ffd686de2a4a38f"}
,"/home/nahal/Desktop/CryptoChain/blockchain/block.js": {"path":"/home/nahal/Desktop/CryptoChain/blockchain/block.js","statementMap":{"0":{"start":{"line":1,"column":36},"end":{"line":1,"column":58}},"1":{"start":{"line":2,"column":21},"end":{"line":2,"column":41}},"2":{"start":{"line":3,"column":20},"end":{"line":3,"column":44}},"3":{"start":{"line":7,"column":4},"end":{"line":7,"column":31}},"4":{"start":{"line":8,"column":4},"end":{"line":8,"column":29}},"5":{"start":{"line":9,"column":4},"end":{"line":9,"column":21}},"6":{"start":{"line":10,"column":4},"end":{"line":10,"column":21}},"7":{"start":{"line":11,"column":4},"end":{"line":11,"column":33}},"8":{"start":{"line":12,"column":4},"end":{"line":12,"column":23}},"9":{"start":{"line":17,"column":4},"end":{"line":17,"column":34}},"10":{"start":{"line":22,"column":21},"end":{"line":22,"column":35}},"11":{"start":{"line":23,"column":25},"end":{"line":23,"column":34}},"12":{"start":{"line":24,"column":16},"end":{"line":24,"column":17}},"13":{"start":{"line":25,"column":4},"end":{"line":35,"column":6}},"14":{"start":{"line":26,"column":6},"end":{"line":26,"column":14}},"15":{"start":{"line":27,"column":6},"end":{"line":27,"column":29}},"16":{"start":{"line":28,"column":6},"end":{"line":31,"column":9}},"17":{"start":{"line":32,"column":6},"end":{"line":32,"column":70}},"18":{"start":{"line":37,"column":4},"end":{"line":44,"column":7}},"19":{"start":{"line":48,"column":27},"end":{"line":48,"column":40}},"20":{"start":{"line":49,"column":4},"end":{"line":49,"column":33}},"21":{"start":{"line":49,"column":24},"end":{"line":49,"column":33}},"22":{"start":{"line":50,"column":4},"end":{"line":50,"column":79}},"23":{"start":{"line":50,"column":57},"end":{"line":50,"column":79}},"24":{"start":{"line":51,"column":4},"end":{"line":51,"column":26}},"25":{"start":{"line":55,"column":0},"end":{"line":55,"column":23}}},"fnMap":{"0":{"name":"(anonymous_0)","decl":{"start":{"line":6,"column":2},"end":{"line":6,"column":3}},"loc":{"start":{"line":6,"column":70},"end":{"line":13,"column":3}},"line":6},"1":{"name":"(anonymous_1)","decl":{"start":{"line":16,"column":2},"end":{"line":16,"column":3}},"loc":{"start":{"line":16,"column":19},"end":{"line":18,"column":3}},"line":16},"2":{"name":"(anonymous_2)","decl":{"start":{"line":20,"column":2},"end":{"line":20,"column":3}},"loc":{"start":{"line":20,"column":40},"end":{"line":45,"column":3}},"line":20},"3":{"name":"(anonymous_3)","decl":{"start":{"line":47,"column":2},"end":{"line":47,"column":3}},"loc":{"start":{"line":47,"column":56},"end":{"line":52,"column":3}},"line":47}},"branchMap":{"0":{"loc":{"start":{"line":49,"column":4},"end":{"line":49,"column":33}},"type":"if","locations":[{"start":{"line":49,"column":4},"end":{"line":49,"column":33}},{"start":{},"end":{}}],"line":49},"1":{"loc":{"start":{"line":50,"column":4},"end":{"line":50,"column":79}},"type":"if","locations":[{"start":{"line":50,"column":4},"end":{"line":50,"column":79}},{"start":{},"end":{}}],"line":50}},"s":{"0":4,"1":4,"2":4,"3":106,"4":106,"5":106,"6":106,"7":106,"8":106,"9":61,"10":43,"11":43,"12":43,"13":43,"14":367,"15":367,"16":367,"17":367,"18":43,"19":370,"20":370,"21":1,"22":369,"23":72,"24":297,"25":4},"f":{"0":106,"1":61,"2":43,"3":370},"b":{"0":[1,369],"1":[72,297]},"_coverageSchema":"1a1c01bbd47fc00a2c39e90264f33305004495a9","hash":"c11304e9c698d9e2a886d1d1dbf2386dcf5d0937"}
,"/home/nahal/Desktop/CryptoChain/blockchain/index.js": {"path":"/home/nahal/Desktop/CryptoChain/blockchain/index.js","statementMap":{"0":{"start":{"line":1,"column":14},"end":{"line":1,"column":32}},"1":{"start":{"line":2,"column":23},"end":{"line":2,"column":43}},"2":{"start":{"line":3,"column":40},"end":{"line":3,"column":60}},"3":{"start":{"line":4,"column":20},"end":{"line":4,"column":54}},"4":{"start":{"line":5,"column":15},"end":{"line":5,"column":35}},"5":{"start":{"line":9,"column":4},"end":{"line":9,"column":35}},"6":{"start":{"line":13,"column":21},"end":{"line":16,"column":6}},"7":{"start":{"line":17,"column":4},"end":{"line":17,"column":30}},"8":{"start":{"line":21,"column":4},"end":{"line":22,"column":19}},"9":{"start":{"line":22,"column":6},"end":{"line":22,"column":19}},"10":{"start":{"line":24,"column":4},"end":{"line":36,"column":5}},"11":{"start":{"line":24,"column":17},"end":{"line":24,"column":18}},"12":{"start":{"line":25,"column":20},"end":{"line":25,"column":28}},"13":{"start":{"line":26,"column":29},"end":{"line":26,"column":46}},"14":{"start":{"line":27,"column":29},"end":{"line":27,"column":52}},"15":{"start":{"line":29,"column":69},"end":{"line":29,"column":74}},"16":{"start":{"line":31,"column":6},"end":{"line":31,"column":52}},"17":{"start":{"line":31,"column":39},"end":{"line":31,"column":52}},"18":{"start":{"line":32,"column":6},"end":{"line":32,"column":66}},"19":{"start":{"line":32,"column":53},"end":{"line":32,"column":66}},"20":{"start":{"line":34,"column":6},"end":{"line":35,"column":21}},"21":{"start":{"line":35,"column":8},"end":{"line":35,"column":21}},"22":{"start":{"line":37,"column":4},"end":{"line":37,"column":16}},"23":{"start":{"line":41,"column":4},"end":{"line":44,"column":5}},"24":{"start":{"line":42,"column":6},"end":{"line":42,"column":57}},"25":{"start":{"line":43,"column":6},"end":{"line":43,"column":13}},"26":{"start":{"line":45,"column":4},"end":{"line":48,"column":5}},"27":{"start":{"line":46,"column":6},"end":{"line":46,"column":56}},"28":{"start":{"line":47,"column":6},"end":{"line":47,"column":13}},"29":{"start":{"line":49,"column":4},"end":{"line":52,"column":5}},"30":{"start":{"line":50,"column":6},"end":{"line":50,"column":60}},"31":{"start":{"line":51,"column":6},"end":{"line":51,"column":13}},"32":{"start":{"line":53,"column":4},"end":{"line":53,"column":31}},"33":{"start":{"line":53,"column":19},"end":{"line":53,"column":31}},"34":{"start":{"line":54,"column":4},"end":{"line":54,"column":49}},"35":{"start":{"line":55,"column":4},"end":{"line":55,"column":23}},"36":{"start":{"line":59,"column":4},"end":{"line":98,"column":5}},"37":{"start":{"line":59,"column":17},"end":{"line":59,"column":18}},"38":{"start":{"line":60,"column":20},"end":{"line":60,"column":28}},"39":{"start":{"line":61,"column":29},"end":{"line":61,"column":38}},"40":{"start":{"line":62,"column":35},"end":{"line":62,"column":36}},"41":{"start":{"line":64,"column":6},"end":{"line":97,"column":7}},"42":{"start":{"line":65,"column":8},"end":{"line":96,"column":9}},"43":{"start":{"line":66,"column":10},"end":{"line":66,"column":38}},"44":{"start":{"line":67,"column":10},"end":{"line":70,"column":11}},"45":{"start":{"line":68,"column":12},"end":{"line":68,"column":55}},"46":{"start":{"line":69,"column":12},"end":{"line":69,"column":25}},"47":{"start":{"line":71,"column":10},"end":{"line":74,"column":11}},"48":{"start":{"line":72,"column":12},"end":{"line":72,"column":53}},"49":{"start":{"line":73,"column":12},"end":{"line":73,"column":25}},"50":{"start":{"line":76,"column":10},"end":{"line":79,"column":11}},"51":{"start":{"line":77,"column":12},"end":{"line":77,"column":49}},"52":{"start":{"line":78,"column":12},"end":{"line":78,"column":25}},"53":{"start":{"line":80,"column":30},"end":{"line":83,"column":12}},"54":{"start":{"line":84,"column":10},"end":{"line":87,"column":11}},"55":{"start":{"line":85,"column":12},"end":{"line":85,"column":50}},"56":{"start":{"line":86,"column":12},"end":{"line":86,"column":25}},"57":{"start":{"line":88,"column":10},"end":{"line":95,"column":11}},"58":{"start":{"line":89,"column":12},"end":{"line":91,"column":14}},"59":{"start":{"line":92,"column":12},"end":{"line":92,"column":25}},"60":{"start":{"line":94,"column":12},"end":{"line":94,"column":44}},"61":{"start":{"line":100,"column":4},"end":{"line":100,"column":16}},"62":{"start":{"line":104,"column":0},"end":{"line":104,"column":28}}},"fnMap":{"0":{"name":"(anonymous_0)","decl":{"start":{"line":8,"column":2},"end":{"line":8,"column":3}},"loc":{"start":{"line":8,"column":16},"end":{"line":10,"column":3}},"line":8},"1":{"name":"(anonymous_1)","decl":{"start":{"line":12,"column":2},"end":{"line":12,"column":3}},"loc":{"start":{"line":12,"column":21},"end":{"line":18,"column":3}},"line":12},"2":{"name":"(anonymous_2)","decl":{"start":{"line":20,"column":2},"end":{"line":20,"column":3}},"loc":{"start":{"line":20,"column":29},"end":{"line":38,"column":3}},"line":20},"3":{"name":"(anonymous_3)","decl":{"start":{"line":40,"column":2},"end":{"line":40,"column":3}},"loc":{"start":{"line":40,"column":52},"end":{"line":56,"column":3}},"line":40},"4":{"name":"(anonymous_4)","decl":{"start":{"line":58,"column":2},"end":{"line":58,"column":3}},"loc":{"start":{"line":58,"column":34},"end":{"line":101,"column":3}},"line":58}},"branchMap":{"0":{"loc":{"start":{"line":21,"column":4},"end":{"line":22,"column":19}},"type":"if","locations":[{"start":{"line":21,"column":4},"end":{"line":22,"column":19}},{"start":{},"end":{}}],"line":21},"1":{"loc":{"start":{"line":31,"column":6},"end":{"line":31,"column":52}},"type":"if","locations":[{"start":{"line":31,"column":6},"end":{"line":31,"column":52}},{"start":{},"end":{}}],"line":31},"2":{"loc":{"start":{"line":32,"column":6},"end":{"line":32,"column":66}},"type":"if","locations":[{"start":{"line":32,"column":6},"end":{"line":32,"column":66}},{"start":{},"end":{}}],"line":32},"3":{"loc":{"start":{"line":34,"column":6},"end":{"line":35,"column":21}},"type":"if","locations":[{"start":{"line":34,"column":6},"end":{"line":35,"column":21}},{"start":{},"end":{}}],"line":34},"4":{"loc":{"start":{"line":41,"column":4},"end":{"line":44,"column":5}},"type":"if","locations":[{"start":{"line":41,"column":4},"end":{"line":44,"column":5}},{"start":{},"end":{}}],"line":41},"5":{"loc":{"start":{"line":45,"column":4},"end":{"line":48,"column":5}},"type":"if","locations":[{"start":{"line":45,"column":4},"end":{"line":48,"column":5}},{"start":{},"end":{}}],"line":45},"6":{"loc":{"start":{"line":49,"column":4},"end":{"line":52,"column":5}},"type":"if","locations":[{"start":{"line":49,"column":4},"end":{"line":52,"column":5}},{"start":{},"end":{}}],"line":49},"7":{"loc":{"start":{"line":49,"column":8},"end":{"line":49,"column":66}},"type":"binary-expr","locations":[{"start":{"line":49,"column":8},"end":{"line":49,"column":25}},{"start":{"line":49,"column":29},"end":{"line":49,"column":66}}],"line":49},"8":{"loc":{"start":{"line":53,"column":4},"end":{"line":53,"column":31}},"type":"if","locations":[{"start":{"line":53,"column":4},"end":{"line":53,"column":31}},{"start":{},"end":{}}],"line":53},"9":{"loc":{"start":{"line":65,"column":8},"end":{"line":96,"column":9}},"type":"if","locations":[{"start":{"line":65,"column":8},"end":{"line":96,"column":9}},{"start":{"line":75,"column":15},"end":{"line":96,"column":9}}],"line":65},"10":{"loc":{"start":{"line":67,"column":10},"end":{"line":70,"column":11}},"type":"if","locations":[{"start":{"line":67,"column":10},"end":{"line":70,"column":11}},{"start":{},"end":{}}],"line":67},"11":{"loc":{"start":{"line":71,"column":10},"end":{"line":74,"column":11}},"type":"if","locations":[{"start":{"line":71,"column":10},"end":{"line":74,"column":11}},{"start":{},"end":{}}],"line":71},"12":{"loc":{"start":{"line":76,"column":10},"end":{"line":79,"column":11}},"type":"if","locations":[{"start":{"line":76,"column":10},"end":{"line":79,"column":11}},{"start":{},"end":{}}],"line":76},"13":{"loc":{"start":{"line":84,"column":10},"end":{"line":87,"column":11}},"type":"if","locations":[{"start":{"line":84,"column":10},"end":{"line":87,"column":11}},{"start":{},"end":{}}],"line":84},"14":{"loc":{"start":{"line":88,"column":10},"end":{"line":95,"column":11}},"type":"if","locations":[{"start":{"line":88,"column":10},"end":{"line":95,"column":11}},{"start":{"line":93,"column":17},"end":{"line":95,"column":11}}],"line":88}},"s":{"0":3,"1":3,"2":3,"3":3,"4":3,"5":48,"6":42,"7":42,"8":10,"9":1,"10":9,"11":9,"12":22,"13":22,"14":22,"15":22,"16":22,"17":1,"18":21,"19":1,"20":20,"21":3,"22":4,"23":7,"24":2,"25":2,"26":5,"27":2,"28":2,"29":3,"30":1,"31":1,"32":2,"33":0,"34":2,"35":2,"36":6,"37":6,"38":6,"39":6,"40":6,"41":6,"42":11,"43":4,"44":4,"45":1,"46":1,"47":3,"48":1,"49":1,"50":7,"51":1,"52":1,"53":6,"54":6,"55":1,"56":1,"57":5,"58":1,"59":1,"60":4,"61":1,"62":3},"f":{"0":48,"1":42,"2":10,"3":7,"4":6},"b":{"0":[1,9],"1":[1,21],"2":[1,20],"3":[3,17],"4":[2,5],"5":[2,3],"6":[1,2],"7":[3,1],"8":[0,2],"9":[4,7],"10":[1,3],"11":[1,2],"12":[1,6],"13":[1,5],"14":[1,4]},"_coverageSchema":"1a1c01bbd47fc00a2c39e90264f33305004495a9","hash":"3d8eeab9637c4ed293823537613284c6f76e3a70"}
,"/home/nahal/Desktop/CryptoChain/util/crypto-hash.js": {"path":"/home/nahal/Desktop/CryptoChain/util/crypto-hash.js","statementMap":{"0":{"start":{"line":1,"column":15},"end":{"line":1,"column":32}},"1":{"start":{"line":3,"column":19},"end":{"line":7,"column":1}},"2":{"start":{"line":4,"column":15},"end":{"line":4,"column":42}},"3":{"start":{"line":5,"column":2},"end":{"line":5,"column":73}},"4":{"start":{"line":5,"column":32},"end":{"line":5,"column":53}},"5":{"start":{"line":6,"column":2},"end":{"line":6,"column":28}},"6":{"start":{"line":9,"column":0},"end":{"line":9,"column":28}}},"fnMap":{"0":{"name":"(anonymous_0)","decl":{"start":{"line":3,"column":19},"end":{"line":3,"column":20}},"loc":{"start":{"line":3,"column":34},"end":{"line":7,"column":1}},"line":3},"1":{"name":"(anonymous_1)","decl":{"start":{"line":5,"column":25},"end":{"line":5,"column":26}},"loc":{"start":{"line":5,"column":32},"end":{"line":5,"column":53}},"line":5}},"branchMap":{},"s":{"0":6,"1":6,"2":508,"3":508,"4":2068,"5":508,"6":6},"f":{"0":508,"1":2068},"b":{},"_coverageSchema":"1a1c01bbd47fc00a2c39e90264f33305004495a9","hash":"9529e44143de94b541293021c9f2adbde0bf2b39"}
,"/home/nahal/Desktop/CryptoChain/util/index.js": {"path":"/home/nahal/Desktop/CryptoChain/util/index.js","statementMap":{"0":{"start":{"line":1,"column":11},"end":{"line":1,"column":33}},"1":{"start":{"line":2,"column":19},"end":{"line":2,"column":51}},"2":{"start":{"line":4,"column":11},"end":{"line":4,"column":30}},"3":{"start":{"line":6,"column":24},"end":{"line":9,"column":1}},"4":{"start":{"line":7,"column":24},"end":{"line":7,"column":58}},"5":{"start":{"line":8,"column":2},"end":{"line":8,"column":59}},"6":{"start":{"line":11,"column":0},"end":{"line":11,"column":52}}},"fnMap":{"0":{"name":"(anonymous_0)","decl":{"start":{"line":6,"column":24},"end":{"line":6,"column":25}},"loc":{"start":{"line":6,"column":60},"end":{"line":9,"column":1}},"line":6}},"branchMap":{},"s":{"0":5,"1":5,"2":5,"3":5,"4":23,"5":23,"6":5},"f":{"0":23},"b":{},"_coverageSchema":"1a1c01bbd47fc00a2c39e90264f33305004495a9","hash":"e6b7d234c3f375532be1c114d8620298e4c5937c"}
,"/home/nahal/Desktop/CryptoChain/wallet/index.js": {"path":"/home/nahal/Desktop/CryptoChain/wallet/index.js","statementMap":{"0":{"start":{"line":1,"column":29},"end":{"line":1,"column":51}},"1":{"start":{"line":2,"column":27},"end":{"line":2,"column":47}},"2":{"start":{"line":3,"column":20},"end":{"line":3,"column":44}},"3":{"start":{"line":7,"column":4},"end":{"line":7,"column":36}},"4":{"start":{"line":8,"column":4},"end":{"line":8,"column":35}},"5":{"start":{"line":9,"column":4},"end":{"line":9,"column":60}},"6":{"start":{"line":13,"column":4},"end":{"line":13,"column":47}},"7":{"start":{"line":17,"column":4},"end":{"line":22,"column":5}},"8":{"start":{"line":18,"column":6},"end":{"line":21,"column":9}},"9":{"start":{"line":23,"column":4},"end":{"line":25,"column":5}},"10":{"start":{"line":24,"column":6},"end":{"line":24,"column":48}},"11":{"start":{"line":26,"column":4},"end":{"line":26,"column":70}},"12":{"start":{"line":30,"column":34},"end":{"line":30,"column":39}},"13":{"start":{"line":31,"column":22},"end":{"line":31,"column":23}},"14":{"start":{"line":33,"column":4},"end":{"line":49,"column":5}},"15":{"start":{"line":33,"column":17},"end":{"line":33,"column":33}},"16":{"start":{"line":34,"column":20},"end":{"line":34,"column":28}},"17":{"start":{"line":36,"column":6},"end":{"line":44,"column":7}},"18":{"start":{"line":37,"column":8},"end":{"line":39,"column":9}},"19":{"start":{"line":38,"column":10},"end":{"line":38,"column":41}},"20":{"start":{"line":40,"column":30},"end":{"line":40,"column":60}},"21":{"start":{"line":41,"column":8},"end":{"line":43,"column":9}},"22":{"start":{"line":42,"column":10},"end":{"line":42,"column":52}},"23":{"start":{"line":46,"column":6},"end":{"line":48,"column":7}},"24":{"start":{"line":47,"column":8},"end":{"line":47,"column":14}},"25":{"start":{"line":50,"column":4},"end":{"line":52,"column":39}},"26":{"start":{"line":56,"column":0},"end":{"line":56,"column":24}}},"fnMap":{"0":{"name":"(anonymous_0)","decl":{"start":{"line":6,"column":2},"end":{"line":6,"column":3}},"loc":{"start":{"line":6,"column":16},"end":{"line":10,"column":3}},"line":6},"1":{"name":"(anonymous_1)","decl":{"start":{"line":12,"column":2},"end":{"line":12,"column":3}},"loc":{"start":{"line":12,"column":13},"end":{"line":14,"column":3}},"line":12},"2":{"name":"(anonymous_2)","decl":{"start":{"line":16,"column":2},"end":{"line":16,"column":3}},"loc":{"start":{"line":16,"column":50},"end":{"line":27,"column":3}},"line":16},"3":{"name":"(anonymous_3)","decl":{"start":{"line":29,"column":2},"end":{"line":29,"column":3}},"loc":{"start":{"line":29,"column":46},"end":{"line":53,"column":3}},"line":29}},"branchMap":{"0":{"loc":{"start":{"line":17,"column":4},"end":{"line":22,"column":5}},"type":"if","locations":[{"start":{"line":17,"column":4},"end":{"line":22,"column":5}},{"start":{},"end":{}}],"line":17},"1":{"loc":{"start":{"line":23,"column":4},"end":{"line":25,"column":5}},"type":"if","locations":[{"start":{"line":23,"column":4},"end":{"line":25,"column":5}},{"start":{},"end":{}}],"line":23},"2":{"loc":{"start":{"line":37,"column":8},"end":{"line":39,"column":9}},"type":"if","locations":[{"start":{"line":37,"column":8},"end":{"line":39,"column":9}},{"start":{},"end":{}}],"line":37},"3":{"loc":{"start":{"line":41,"column":8},"end":{"line":43,"column":9}},"type":"if","locations":[{"start":{"line":41,"column":8},"end":{"line":43,"column":9}},{"start":{},"end":{}}],"line":41},"4":{"loc":{"start":{"line":46,"column":6},"end":{"line":48,"column":7}},"type":"if","locations":[{"start":{"line":46,"column":6},"end":{"line":48,"column":7}},{"start":{},"end":{}}],"line":46},"5":{"loc":{"start":{"line":50,"column":11},"end":{"line":52,"column":38}},"type":"cond-expr","locations":[{"start":{"line":51,"column":8},"end":{"line":51,"column":19}},{"start":{"line":52,"column":8},"end":{"line":52,"column":38}}],"line":50}},"s":{"0":4,"1":4,"2":4,"3":69,"4":69,"5":69,"6":91,"7":27,"8":1,"9":27,"10":1,"11":26,"12":10,"13":10,"14":10,"15":10,"16":4,"17":4,"18":6,"19":2,"20":6,"21":6,"22":6,"23":4,"24":2,"25":10,"26":4},"f":{"0":69,"1":91,"2":27,"3":10},"b":{"0":[1,26],"1":[1,26],"2":[2,4],"3":[6,0],"4":[2,2],"5":[2,8]},"_coverageSchema":"1a1c01bbd47fc00a2c39e90264f33305004495a9","hash":"b76726d8916ea44d6c1259cb99c5463df4f03586"}
,"/home/nahal/Desktop/CryptoChain/wallet/transaction-pool.js": {"path":"/home/nahal/Desktop/CryptoChain/wallet/transaction-pool.js","statementMap":{"0":{"start":{"line":1,"column":20},"end":{"line":1,"column":44}},"1":{"start":{"line":5,"column":4},"end":{"line":5,"column":29}},"2":{"start":{"line":9,"column":4},"end":{"line":9,"column":54}},"3":{"start":{"line":13,"column":25},"end":{"line":13,"column":59}},"4":{"start":{"line":14,"column":4},"end":{"line":16,"column":6}},"5":{"start":{"line":15,"column":23},"end":{"line":15,"column":65}},"6":{"start":{"line":20,"column":4},"end":{"line":20,"column":41}},"7":{"start":{"line":24,"column":4},"end":{"line":26,"column":6}},"8":{"start":{"line":25,"column":6},"end":{"line":25,"column":47}},"9":{"start":{"line":30,"column":4},"end":{"line":30,"column":29}},"10":{"start":{"line":34,"column":4},"end":{"line":41,"column":5}},"11":{"start":{"line":34,"column":17},"end":{"line":34,"column":18}},"12":{"start":{"line":35,"column":20},"end":{"line":35,"column":28}},"13":{"start":{"line":36,"column":6},"end":{"line":40,"column":7}},"14":{"start":{"line":37,"column":8},"end":{"line":39,"column":9}},"15":{"start":{"line":38,"column":10},"end":{"line":38,"column":53}},"16":{"start":{"line":45,"column":0},"end":{"line":45,"column":33}}},"fnMap":{"0":{"name":"(anonymous_0)","decl":{"start":{"line":4,"column":2},"end":{"line":4,"column":3}},"loc":{"start":{"line":4,"column":16},"end":{"line":6,"column":3}},"line":4},"1":{"name":"(anonymous_1)","decl":{"start":{"line":8,"column":2},"end":{"line":8,"column":3}},"loc":{"start":{"line":8,"column":30},"end":{"line":10,"column":3}},"line":8},"2":{"name":"(anonymous_2)","decl":{"start":{"line":12,"column":2},"end":{"line":12,"column":3}},"loc":{"start":{"line":12,"column":40},"end":{"line":17,"column":3}},"line":12},"3":{"name":"(anonymous_3)","decl":{"start":{"line":15,"column":6},"end":{"line":15,"column":7}},"loc":{"start":{"line":15,"column":23},"end":{"line":15,"column":65}},"line":15},"4":{"name":"(anonymous_4)","decl":{"start":{"line":19,"column":2},"end":{"line":19,"column":3}},"loc":{"start":{"line":19,"column":25},"end":{"line":21,"column":3}},"line":19},"5":{"name":"(anonymous_5)","decl":{"start":{"line":23,"column":2},"end":{"line":23,"column":3}},"loc":{"start":{"line":23,"column":22},"end":{"line":27,"column":3}},"line":23},"6":{"name":"(anonymous_6)","decl":{"start":{"line":24,"column":53},"end":{"line":24,"column":54}},"loc":{"start":{"line":25,"column":6},"end":{"line":25,"column":47}},"line":25},"7":{"name":"(anonymous_7)","decl":{"start":{"line":29,"column":2},"end":{"line":29,"column":3}},"loc":{"start":{"line":29,"column":10},"end":{"line":31,"column":3}},"line":29},"8":{"name":"(anonymous_8)","decl":{"start":{"line":33,"column":2},"end":{"line":33,"column":3}},"loc":{"start":{"line":33,"column":41},"end":{"line":42,"column":3}},"line":33}},"branchMap":{"0":{"loc":{"start":{"line":37,"column":8},"end":{"line":39,"column":9}},"type":"if","locations":[{"start":{"line":37,"column":8},"end":{"line":39,"column":9}},{"start":{},"end":{}}],"line":37}},"s":{"0":1,"1":6,"2":28,"3":1,"4":1,"5":1,"6":0,"7":2,"8":20,"9":1,"10":1,"11":1,"12":4,"13":4,"14":3,"15":3,"16":1},"f":{"0":6,"1":28,"2":1,"3":1,"4":0,"5":2,"6":20,"7":1,"8":1},"b":{"0":[3,0]},"_coverageSchema":"1a1c01bbd47fc00a2c39e90264f33305004495a9","hash":"fb722d46b113f5bc24114c105d706603e556011f"}
,"/home/nahal/Desktop/CryptoChain/wallet/transaction.js": {"path":"/home/nahal/Desktop/CryptoChain/wallet/transaction.js","statementMap":{"0":{"start":{"line":1,"column":15},"end":{"line":1,"column":30}},"1":{"start":{"line":2,"column":28},"end":{"line":2,"column":48}},"2":{"start":{"line":3,"column":40},"end":{"line":3,"column":60}},"3":{"start":{"line":7,"column":4},"end":{"line":7,"column":19}},"4":{"start":{"line":8,"column":4},"end":{"line":9,"column":77}},"5":{"start":{"line":10,"column":4},"end":{"line":11,"column":77}},"6":{"start":{"line":15,"column":22},"end":{"line":15,"column":24}},"7":{"start":{"line":17,"column":4},"end":{"line":17,"column":34}},"8":{"start":{"line":18,"column":4},"end":{"line":18,"column":70}},"9":{"start":{"line":20,"column":4},"end":{"line":20,"column":21}},"10":{"start":{"line":24,"column":4},"end":{"line":29,"column":6}},"11":{"start":{"line":33,"column":4},"end":{"line":35,"column":5}},"12":{"start":{"line":34,"column":6},"end":{"line":34,"column":48}},"13":{"start":{"line":36,"column":4},"end":{"line":40,"column":5}},"14":{"start":{"line":37,"column":6},"end":{"line":37,"column":41}},"15":{"start":{"line":39,"column":6},"end":{"line":39,"column":69}},"16":{"start":{"line":42,"column":4},"end":{"line":43,"column":54}},"17":{"start":{"line":45,"column":4},"end":{"line":45,"column":79}},"18":{"start":{"line":52,"column":8},"end":{"line":52,"column":19}},"19":{"start":{"line":53,"column":24},"end":{"line":55,"column":5}},"20":{"start":{"line":54,"column":31},"end":{"line":54,"column":51}},"21":{"start":{"line":57,"column":4},"end":{"line":60,"column":5}},"22":{"start":{"line":58,"column":6},"end":{"line":58,"column":59}},"23":{"start":{"line":59,"column":6},"end":{"line":59,"column":19}},"24":{"start":{"line":61,"column":4},"end":{"line":64,"column":5}},"25":{"start":{"line":62,"column":6},"end":{"line":62,"column":59}},"26":{"start":{"line":63,"column":6},"end":{"line":63,"column":19}},"27":{"start":{"line":65,"column":4},"end":{"line":65,"column":16}},"28":{"start":{"line":69,"column":4},"end":{"line":72,"column":7}},"29":{"start":{"line":76,"column":0},"end":{"line":76,"column":29}}},"fnMap":{"0":{"name":"(anonymous_0)","decl":{"start":{"line":6,"column":2},"end":{"line":6,"column":3}},"loc":{"start":{"line":6,"column":69},"end":{"line":12,"column":3}},"line":6},"1":{"name":"(anonymous_1)","decl":{"start":{"line":14,"column":2},"end":{"line":14,"column":3}},"loc":{"start":{"line":14,"column":55},"end":{"line":21,"column":3}},"line":14},"2":{"name":"(anonymous_2)","decl":{"start":{"line":23,"column":2},"end":{"line":23,"column":3}},"loc":{"start":{"line":23,"column":43},"end":{"line":30,"column":3}},"line":23},"3":{"name":"(anonymous_3)","decl":{"start":{"line":32,"column":2},"end":{"line":32,"column":3}},"loc":{"start":{"line":32,"column":46},"end":{"line":46,"column":3}},"line":32},"4":{"name":"(anonymous_4)","decl":{"start":{"line":48,"column":2},"end":{"line":48,"column":3}},"loc":{"start":{"line":48,"column":39},"end":{"line":66,"column":3}},"line":48},"5":{"name":"(anonymous_5)","decl":{"start":{"line":54,"column":6},"end":{"line":54,"column":7}},"loc":{"start":{"line":54,"column":31},"end":{"line":54,"column":51}},"line":54},"6":{"name":"(anonymous_6)","decl":{"start":{"line":68,"column":2},"end":{"line":68,"column":3}},"loc":{"start":{"line":68,"column":44},"end":{"line":73,"column":3}},"line":68}},"branchMap":{"0":{"loc":{"start":{"line":9,"column":6},"end":{"line":9,"column":76}},"type":"binary-expr","locations":[{"start":{"line":9,"column":6},"end":{"line":9,"column":15}},{"start":{"line":9,"column":19},"end":{"line":9,"column":76}}],"line":9},"1":{"loc":{"start":{"line":11,"column":6},"end":{"line":11,"column":76}},"type":"binary-expr","locations":[{"start":{"line":11,"column":6},"end":{"line":11,"column":11}},{"start":{"line":11,"column":15},"end":{"line":11,"column":76}}],"line":11},"2":{"loc":{"start":{"line":33,"column":4},"end":{"line":35,"column":5}},"type":"if","locations":[{"start":{"line":33,"column":4},"end":{"line":35,"column":5}},{"start":{},"end":{}}],"line":33},"3":{"loc":{"start":{"line":36,"column":4},"end":{"line":40,"column":5}},"type":"if","locations":[{"start":{"line":36,"column":4},"end":{"line":40,"column":5}},{"start":{"line":38,"column":11},"end":{"line":40,"column":5}}],"line":36},"4":{"loc":{"start":{"line":57,"column":4},"end":{"line":60,"column":5}},"type":"if","locations":[{"start":{"line":57,"column":4},"end":{"line":60,"column":5}},{"start":{},"end":{}}],"line":57},"5":{"loc":{"start":{"line":61,"column":4},"end":{"line":64,"column":5}},"type":"if","locations":[{"start":{"line":61,"column":4},"end":{"line":64,"column":5}},{"start":{},"end":{}}],"line":61}},"s":{"0":4,"1":4,"2":4,"3":82,"4":82,"5":82,"6":73,"7":73,"8":73,"9":73,"10":81,"11":9,"12":1,"13":8,"14":6,"15":2,"16":8,"17":8,"18":30,"19":30,"20":30,"21":30,"22":10,"23":10,"24":20,"25":7,"26":7,"27":13,"28":9,"29":4},"f":{"0":82,"1":73,"2":81,"3":9,"4":30,"5":30,"6":9},"b":{"0":[82,73],"1":[82,73],"2":[1,8],"3":[6,2],"4":[10,20],"5":[7,13]},"_coverageSchema":"1a1c01bbd47fc00a2c39e90264f33305004495a9","hash":"c4fb2d35dfe59a9c75ec1ade613258b97d32c7c9"}
}
